29821 : 2025-11-13 12:45:07,238 : INFO : telemetry.main : Attempt start. Configuration directory [/mnt/c/Users/Alexey/Desktop/projects/chineese_therapy/chinese-therapy-bot/.azure-cli]. Cache directory [/mnt/c/Users/Alexey/Desktop/projects/chineese_therapy/chinese-therapy-bot/.azure-cli/telemetry/20251113124507158].
29821 : 2025-11-13 12:45:07,242 : INFO : telemetry.records : 1 cache files to upload.
29821 : 2025-11-13 12:45:07,245 : INFO : telemetry.records : Processed file /mnt/c/Users/Alexey/Desktop/projects/chineese_therapy/chinese-therapy-bot/.azure-cli/telemetry/20251113124507158/cache into 1 records.
29821 : 2025-11-13 12:45:07,250 : INFO : telemetry.records : Remove directory /mnt/c/Users/Alexey/Desktop/projects/chineese_therapy/chinese-therapy-bot/.azure-cli/telemetry/20251113124507158
29821 : 2025-11-13 12:45:07,250 : INFO : telemetry.client : Accumulated 1 events. Flush the clients.
29821 : 2025-11-13 12:45:07,251 : INFO : telemetry.client : Flush client c4395b75-49cc-422c-bc95-c7d51aef5d46.
29821 : 2025-11-13 12:45:07,254 : ERROR : telemetry.sender : Upload failed. OSError: <urlopen error [Errno -3] Temporary failure in name resolution>
29821 : 2025-11-13 12:45:07,255 : INFO : telemetry.sender : Finish uploading in 0.003644 seconds.
30185 : 2025-11-13 12:46:05,735 : INFO : telemetry.main : Attempt start. Configuration directory [/mnt/c/Users/Alexey/Desktop/projects/chineese_therapy/chinese-therapy-bot/.azure-cli]. Cache directory [/mnt/c/Users/Alexey/Desktop/projects/chineese_therapy/chinese-therapy-bot/.azure-cli/telemetry/20251113124605613].
30185 : 2025-11-13 12:46:05,738 : INFO : telemetry.records : 1 cache files to upload.
30185 : 2025-11-13 12:46:05,742 : INFO : telemetry.records : Processed file /mnt/c/Users/Alexey/Desktop/projects/chineese_therapy/chinese-therapy-bot/.azure-cli/telemetry/20251113124605613/cache into 1 records.
30185 : 2025-11-13 12:46:05,747 : INFO : telemetry.records : Remove directory /mnt/c/Users/Alexey/Desktop/projects/chineese_therapy/chinese-therapy-bot/.azure-cli/telemetry/20251113124605613
30185 : 2025-11-13 12:46:05,747 : INFO : telemetry.client : Accumulated 2 events. Flush the clients.
30185 : 2025-11-13 12:46:05,747 : INFO : telemetry.client : Flush client c4395b75-49cc-422c-bc95-c7d51aef5d46.
30185 : 2025-11-13 12:46:05,751 : ERROR : telemetry.sender : Upload failed. OSError: <urlopen error [Errno -3] Temporary failure in name resolution>
30185 : 2025-11-13 12:46:05,752 : INFO : telemetry.sender : Finish uploading in 0.004050 seconds.
31181 : 2025-11-13 12:49:25,192 : INFO : telemetry.main : Attempt start. Configuration directory [/mnt/c/Users/Alexey/Desktop/projects/chineese_therapy/chinese-therapy-bot/.azure-cli]. Cache directory [/mnt/c/Users/Alexey/Desktop/projects/chineese_therapy/chinese-therapy-bot/.azure-cli/telemetry/20251113124925113].
31181 : 2025-11-13 12:49:25,195 : INFO : telemetry.records : 1 cache files to upload.
31181 : 2025-11-13 12:49:25,198 : INFO : telemetry.records : Processed file /mnt/c/Users/Alexey/Desktop/projects/chineese_therapy/chinese-therapy-bot/.azure-cli/telemetry/20251113124925113/cache into 1 records.
31181 : 2025-11-13 12:49:25,201 : INFO : telemetry.records : Remove directory /mnt/c/Users/Alexey/Desktop/projects/chineese_therapy/chinese-therapy-bot/.azure-cli/telemetry/20251113124925113
31181 : 2025-11-13 12:49:25,202 : INFO : telemetry.client : Accumulated 1 events. Flush the clients.
31181 : 2025-11-13 12:49:25,202 : INFO : telemetry.client : Flush client c4395b75-49cc-422c-bc95-c7d51aef5d46.
31181 : 2025-11-13 12:49:25,609 : INFO : telemetry.sender : Sending 4145 bytes
31181 : 2025-11-13 12:49:25,610 : INFO : telemetry.sender : Finish uploading in 0.407312 seconds.
31885 : 2025-11-13 12:51:44,358 : INFO : telemetry.main : Attempt start. Configuration directory [/mnt/c/Users/Alexey/Desktop/projects/chineese_therapy/chinese-therapy-bot/.azure-cli]. Cache directory [/mnt/c/Users/Alexey/Desktop/projects/chineese_therapy/chinese-therapy-bot/.azure-cli/telemetry/20251113125144280].
31885 : 2025-11-13 12:51:44,362 : INFO : telemetry.records : 1 cache files to upload.
31885 : 2025-11-13 12:51:44,365 : INFO : telemetry.records : Processed file /mnt/c/Users/Alexey/Desktop/projects/chineese_therapy/chinese-therapy-bot/.azure-cli/telemetry/20251113125144280/cache into 1 records.
31885 : 2025-11-13 12:51:44,369 : INFO : telemetry.records : Remove directory /mnt/c/Users/Alexey/Desktop/projects/chineese_therapy/chinese-therapy-bot/.azure-cli/telemetry/20251113125144280
31885 : 2025-11-13 12:51:44,369 : INFO : telemetry.client : Accumulated 1 events. Flush the clients.
31885 : 2025-11-13 12:51:44,370 : INFO : telemetry.client : Flush client c4395b75-49cc-422c-bc95-c7d51aef5d46.
31885 : 2025-11-13 12:51:44,779 : INFO : telemetry.sender : Sending 4145 bytes
31885 : 2025-11-13 12:51:44,779 : INFO : telemetry.sender : Finish uploading in 0.409228 seconds.
33100 : 2025-11-13 12:55:50,893 : INFO : telemetry.main : Attempt start. Configuration directory [/mnt/c/Users/Alexey/Desktop/projects/chineese_therapy/chinese-therapy-bot/.azure-cli]. Cache directory [/mnt/c/Users/Alexey/Desktop/projects/chineese_therapy/chinese-therapy-bot/.azure-cli/telemetry/20251113125550821].
33100 : 2025-11-13 12:55:50,896 : INFO : telemetry.records : 1 cache files to upload.
33100 : 2025-11-13 12:55:50,898 : INFO : telemetry.records : Processed file /mnt/c/Users/Alexey/Desktop/projects/chineese_therapy/chinese-therapy-bot/.azure-cli/telemetry/20251113125550821/cache into 1 records.
33100 : 2025-11-13 12:55:50,902 : INFO : telemetry.records : Remove directory /mnt/c/Users/Alexey/Desktop/projects/chineese_therapy/chinese-therapy-bot/.azure-cli/telemetry/20251113125550821
33100 : 2025-11-13 12:55:50,902 : INFO : telemetry.client : Accumulated 1 events. Flush the clients.
33100 : 2025-11-13 12:55:50,902 : INFO : telemetry.client : Flush client c4395b75-49cc-422c-bc95-c7d51aef5d46.
33100 : 2025-11-13 12:55:51,434 : INFO : telemetry.sender : Sending 4145 bytes
33100 : 2025-11-13 12:55:51,435 : INFO : telemetry.sender : Finish uploading in 0.531856 seconds.
34171 : 2025-11-13 12:59:04,878 : INFO : telemetry.main : Attempt start. Configuration directory [/mnt/c/Users/Alexey/Desktop/projects/chineese_therapy/chinese-therapy-bot/.azure-cli]. Cache directory [/mnt/c/Users/Alexey/Desktop/projects/chineese_therapy/chinese-therapy-bot/.azure-cli/telemetry/20251113125904806].
34171 : 2025-11-13 12:59:04,881 : INFO : telemetry.records : 1 cache files to upload.
34171 : 2025-11-13 12:59:04,884 : INFO : telemetry.records : Processed file /mnt/c/Users/Alexey/Desktop/projects/chineese_therapy/chinese-therapy-bot/.azure-cli/telemetry/20251113125904806/cache into 1 records.
34171 : 2025-11-13 12:59:04,887 : INFO : telemetry.records : Remove directory /mnt/c/Users/Alexey/Desktop/projects/chineese_therapy/chinese-therapy-bot/.azure-cli/telemetry/20251113125904806
34171 : 2025-11-13 12:59:04,887 : INFO : telemetry.client : Accumulated 1 events. Flush the clients.
34171 : 2025-11-13 12:59:04,888 : INFO : telemetry.client : Flush client c4395b75-49cc-422c-bc95-c7d51aef5d46.
34171 : 2025-11-13 12:59:05,301 : INFO : telemetry.sender : Sending 4145 bytes
34171 : 2025-11-13 12:59:05,302 : INFO : telemetry.sender : Finish uploading in 0.413701 seconds.
36098 : 2025-11-13 13:04:13,953 : INFO : telemetry.main : Attempt start. Configuration directory [/mnt/c/Users/Alexey/Desktop/projects/chineese_therapy/chinese-therapy-bot/.azure-cli]. Cache directory [/mnt/c/Users/Alexey/Desktop/projects/chineese_therapy/chinese-therapy-bot/.azure-cli/telemetry/20251113130413882].
36098 : 2025-11-13 13:04:13,956 : INFO : telemetry.records : 1 cache files to upload.
36098 : 2025-11-13 13:04:13,959 : INFO : telemetry.records : Processed file /mnt/c/Users/Alexey/Desktop/projects/chineese_therapy/chinese-therapy-bot/.azure-cli/telemetry/20251113130413882/cache into 1 records.
36098 : 2025-11-13 13:04:13,962 : INFO : telemetry.records : Remove directory /mnt/c/Users/Alexey/Desktop/projects/chineese_therapy/chinese-therapy-bot/.azure-cli/telemetry/20251113130413882
36098 : 2025-11-13 13:04:13,963 : INFO : telemetry.client : Accumulated 1 events. Flush the clients.
36098 : 2025-11-13 13:04:13,963 : INFO : telemetry.client : Flush client c4395b75-49cc-422c-bc95-c7d51aef5d46.
36098 : 2025-11-13 13:04:13,966 : ERROR : telemetry.sender : Upload failed. OSError: <urlopen error [Errno -3] Temporary failure in name resolution>
36098 : 2025-11-13 13:04:13,967 : INFO : telemetry.sender : Finish uploading in 0.003198 seconds.
36981 : 2025-11-13 13:06:24,142 : INFO : telemetry.main : Attempt start. Configuration directory [/mnt/c/Users/Alexey/Desktop/projects/chineese_therapy/chinese-therapy-bot/.azure-cli]. Cache directory [/mnt/c/Users/Alexey/Desktop/projects/chineese_therapy/chinese-therapy-bot/.azure-cli/telemetry/20251113130624065].
36981 : 2025-11-13 13:06:24,145 : INFO : telemetry.records : 1 cache files to upload.
36981 : 2025-11-13 13:06:24,147 : INFO : telemetry.records : Processed file /mnt/c/Users/Alexey/Desktop/projects/chineese_therapy/chinese-therapy-bot/.azure-cli/telemetry/20251113130624065/cache into 1 records.
36981 : 2025-11-13 13:06:24,151 : INFO : telemetry.records : Remove directory /mnt/c/Users/Alexey/Desktop/projects/chineese_therapy/chinese-therapy-bot/.azure-cli/telemetry/20251113130624065
36981 : 2025-11-13 13:06:24,152 : INFO : telemetry.client : Accumulated 1 events. Flush the clients.
36981 : 2025-11-13 13:06:24,152 : INFO : telemetry.client : Flush client c4395b75-49cc-422c-bc95-c7d51aef5d46.
36981 : 2025-11-13 13:06:24,155 : ERROR : telemetry.sender : Upload failed. OSError: <urlopen error [Errno -3] Temporary failure in name resolution>
36981 : 2025-11-13 13:06:24,156 : INFO : telemetry.sender : Finish uploading in 0.003216 seconds.
38983 : 2025-11-13 13:10:56,720 : INFO : telemetry.main : Attempt start. Configuration directory [/mnt/c/Users/Alexey/Desktop/projects/chineese_therapy/chinese-therapy-bot/.azure-cli]. Cache directory [/mnt/c/Users/Alexey/Desktop/projects/chineese_therapy/chinese-therapy-bot/.azure-cli/telemetry/20251113131056653].
38983 : 2025-11-13 13:10:56,723 : INFO : telemetry.records : 1 cache files to upload.
38983 : 2025-11-13 13:10:56,726 : INFO : telemetry.records : Processed file /mnt/c/Users/Alexey/Desktop/projects/chineese_therapy/chinese-therapy-bot/.azure-cli/telemetry/20251113131056653/cache into 1 records.
38983 : 2025-11-13 13:10:56,729 : INFO : telemetry.records : Remove directory /mnt/c/Users/Alexey/Desktop/projects/chineese_therapy/chinese-therapy-bot/.azure-cli/telemetry/20251113131056653
38983 : 2025-11-13 13:10:56,730 : INFO : telemetry.client : Accumulated 1 events. Flush the clients.
38983 : 2025-11-13 13:10:56,730 : INFO : telemetry.client : Flush client c4395b75-49cc-422c-bc95-c7d51aef5d46.
38983 : 2025-11-13 13:10:57,131 : INFO : telemetry.sender : Sending 4301 bytes
38983 : 2025-11-13 13:10:57,131 : INFO : telemetry.sender : Finish uploading in 0.400833 seconds.
39435 : 2025-11-13 13:11:56,677 : INFO : telemetry.main : Attempt start. Configuration directory [/mnt/c/Users/Alexey/Desktop/projects/chineese_therapy/chinese-therapy-bot/.azure-cli]. Cache directory [/mnt/c/Users/Alexey/Desktop/projects/chineese_therapy/chinese-therapy-bot/.azure-cli/telemetry/20251113131156604].
39435 : 2025-11-13 13:11:56,681 : INFO : telemetry.records : 1 cache files to upload.
39435 : 2025-11-13 13:11:56,684 : INFO : telemetry.records : Processed file /mnt/c/Users/Alexey/Desktop/projects/chineese_therapy/chinese-therapy-bot/.azure-cli/telemetry/20251113131156604/cache into 1 records.
39435 : 2025-11-13 13:11:56,688 : INFO : telemetry.records : Remove directory /mnt/c/Users/Alexey/Desktop/projects/chineese_therapy/chinese-therapy-bot/.azure-cli/telemetry/20251113131156604
39435 : 2025-11-13 13:11:56,688 : INFO : telemetry.client : Accumulated 1 events. Flush the clients.
39435 : 2025-11-13 13:11:56,689 : INFO : telemetry.client : Flush client c4395b75-49cc-422c-bc95-c7d51aef5d46.
39435 : 2025-11-13 13:11:56,693 : ERROR : telemetry.sender : Upload failed. OSError: <urlopen error [Errno -3] Temporary failure in name resolution>
39435 : 2025-11-13 13:11:56,693 : INFO : telemetry.sender : Finish uploading in 0.003929 seconds.
39502 : 2025-11-13 13:12:04,898 : INFO : telemetry.main : Attempt start. Configuration directory [/mnt/c/Users/Alexey/Desktop/projects/chineese_therapy/chinese-therapy-bot/.azure-cli]. Cache directory [/mnt/c/Users/Alexey/Desktop/projects/chineese_therapy/chinese-therapy-bot/.azure-cli/telemetry/20251113131204818].
39502 : 2025-11-13 13:12:04,903 : INFO : telemetry.records : 1 cache files to upload.
39502 : 2025-11-13 13:12:04,907 : INFO : telemetry.records : Processed file /mnt/c/Users/Alexey/Desktop/projects/chineese_therapy/chinese-therapy-bot/.azure-cli/telemetry/20251113131204818/cache into 1 records.
39502 : 2025-11-13 13:12:04,911 : INFO : telemetry.records : Remove directory /mnt/c/Users/Alexey/Desktop/projects/chineese_therapy/chinese-therapy-bot/.azure-cli/telemetry/20251113131204818
39502 : 2025-11-13 13:12:04,912 : INFO : telemetry.client : Accumulated 1 events. Flush the clients.
39502 : 2025-11-13 13:12:04,912 : INFO : telemetry.client : Flush client c4395b75-49cc-422c-bc95-c7d51aef5d46.
39502 : 2025-11-13 13:12:04,916 : ERROR : telemetry.sender : Upload failed. OSError: <urlopen error [Errno -3] Temporary failure in name resolution>
39502 : 2025-11-13 13:12:04,916 : INFO : telemetry.sender : Finish uploading in 0.003952 seconds.
40563 : 2025-11-13 13:15:10,027 : INFO : telemetry.main : Attempt start. Configuration directory [/mnt/c/Users/Alexey/Desktop/projects/chineese_therapy/chinese-therapy-bot/.azure-cli]. Cache directory [/mnt/c/Users/Alexey/Desktop/projects/chineese_therapy/chinese-therapy-bot/.azure-cli/telemetry/20251113131509949].
40563 : 2025-11-13 13:15:10,032 : INFO : telemetry.records : 1 cache files to upload.
40563 : 2025-11-13 13:15:10,035 : INFO : telemetry.records : Processed file /mnt/c/Users/Alexey/Desktop/projects/chineese_therapy/chinese-therapy-bot/.azure-cli/telemetry/20251113131509949/cache into 1 records.
40563 : 2025-11-13 13:15:10,039 : INFO : telemetry.records : Remove directory /mnt/c/Users/Alexey/Desktop/projects/chineese_therapy/chinese-therapy-bot/.azure-cli/telemetry/20251113131509949
40563 : 2025-11-13 13:15:10,039 : INFO : telemetry.client : Accumulated 1 events. Flush the clients.
40563 : 2025-11-13 13:15:10,039 : INFO : telemetry.client : Flush client c4395b75-49cc-422c-bc95-c7d51aef5d46.
40563 : 2025-11-13 13:15:10,043 : ERROR : telemetry.sender : Upload failed. OSError: <urlopen error [Errno -3] Temporary failure in name resolution>
40563 : 2025-11-13 13:15:10,043 : INFO : telemetry.sender : Finish uploading in 0.003503 seconds.
